<?xml version="1.0" encoding="UTF-8"?>
<testsuite xmlns:xsi="http://www.w3.org/2001/XMLSchema-instance" xsi:noNamespaceSchemaLocation="https://maven.apache.org/surefire/maven-surefire-plugin/xsd/surefire-test-report.xsd" name="TestSuite" time="0.377" tests="11" errors="0" skipped="0" failures="0">
  <properties>
    <property name="gopherProxySet" value="false"/>
    <property name="awt.toolkit" value="sun.lwawt.macosx.LWCToolkit"/>
    <property name="java.specification.version" value="11"/>
    <property name="sun.cpu.isalist" value=""/>
    <property name="sun.jnu.encoding" value="UTF-8"/>
    <property name="java.class.path" value="/Users/fcontigliani/Trabajo/Universidad/UM/Ing. de Software Aplicada/2022/Test/TestNG/target/test-classes:/Users/fcontigliani/Trabajo/Universidad/UM/Ing. de Software Aplicada/2022/Test/TestNG/target/classes:/Users/fcontigliani/.m2/repository/org/testng/testng/6.14.3/testng-6.14.3.jar:/Users/fcontigliani/.m2/repository/com/beust/jcommander/1.72/jcommander-1.72.jar:/Users/fcontigliani/.m2/repository/org/apache-extras/beanshell/bsh/2.0b6/bsh-2.0b6.jar:"/>
    <property name="java.vm.vendor" value="Oracle Corporation"/>
    <property name="sun.arch.data.model" value="64"/>
    <property name="java.vendor.url" value="https://openjdk.java.net/"/>
    <property name="user.timezone" value=""/>
    <property name="suiteXmlFile" value="testng.xml"/>
    <property name="java.vm.specification.version" value="11"/>
    <property name="os.name" value="Mac OS X"/>
    <property name="sun.java.launcher" value="SUN_STANDARD"/>
    <property name="user.country" value="419"/>
    <property name="sun.boot.library.path" value="/Library/Java/JavaVirtualMachines/jdk-11.0.11.jdk/Contents/Home/lib"/>
    <property name="sun.java.command" value="/Users/fcontigliani/Trabajo/Universidad/UM/Ing. de Software Aplicada/2022/Test/TestNG/target/surefire/surefirebooter13579463503747717844.jar /Users/fcontigliani/Trabajo/Universidad/UM/Ing. de Software Aplicada/2022/Test/TestNG/target/surefire 2022-08-25T22-15-56_757-jvmRun1 surefire5792056640629881084tmp surefire_04260234750772442540tmp"/>
    <property name="http.nonProxyHosts" value="local|*.local|169.254/16|*.169.254/16"/>
    <property name="jdk.debug" value="release"/>
    <property name="surefire.test.class.path" value="/Users/fcontigliani/Trabajo/Universidad/UM/Ing. de Software Aplicada/2022/Test/TestNG/target/test-classes:/Users/fcontigliani/Trabajo/Universidad/UM/Ing. de Software Aplicada/2022/Test/TestNG/target/classes:/Users/fcontigliani/.m2/repository/org/testng/testng/6.14.3/testng-6.14.3.jar:/Users/fcontigliani/.m2/repository/com/beust/jcommander/1.72/jcommander-1.72.jar:/Users/fcontigliani/.m2/repository/org/apache-extras/beanshell/bsh/2.0b6/bsh-2.0b6.jar:"/>
    <property name="sun.cpu.endian" value="little"/>
    <property name="user.home" value="/Users/fcontigliani"/>
    <property name="user.language" value="es"/>
    <property name="java.specification.vendor" value="Oracle Corporation"/>
    <property name="java.version.date" value="2021-04-20"/>
    <property name="java.home" value="/Library/Java/JavaVirtualMachines/jdk-11.0.11.jdk/Contents/Home"/>
    <property name="file.separator" value="/"/>
    <property name="basedir" value="/Users/fcontigliani/Trabajo/Universidad/UM/Ing. de Software Aplicada/2022/Test/TestNG"/>
    <property name="java.vm.compressedOopsMode" value="Zero based"/>
    <property name="line.separator" value="&#10;"/>
    <property name="java.specification.name" value="Java Platform API Specification"/>
    <property name="java.vm.specification.vendor" value="Oracle Corporation"/>
    <property name="java.awt.graphicsenv" value="sun.awt.CGraphicsEnvironment"/>
    <property name="surefire.real.class.path" value="/Users/fcontigliani/Trabajo/Universidad/UM/Ing. de Software Aplicada/2022/Test/TestNG/target/surefire/surefirebooter13579463503747717844.jar"/>
    <property name="sun.management.compiler" value="HotSpot 64-Bit Tiered Compilers"/>
    <property name="ftp.nonProxyHosts" value="local|*.local|169.254/16|*.169.254/16"/>
    <property name="java.runtime.version" value="11.0.11+9-LTS-194"/>
    <property name="user.name" value="fcontigliani"/>
    <property name="path.separator" value=":"/>
    <property name="os.version" value="10.16"/>
    <property name="java.runtime.name" value="Java(TM) SE Runtime Environment"/>
    <property name="file.encoding" value="US-ASCII"/>
    <property name="java.vm.name" value="Java HotSpot(TM) 64-Bit Server VM"/>
    <property name="java.vendor.version" value="18.9"/>
    <property name="localRepository" value="/Users/fcontigliani/.m2/repository"/>
    <property name="java.vendor.url.bug" value="https://bugreport.java.com/bugreport/"/>
    <property name="java.io.tmpdir" value="/var/folders/lk/l1pjxj6n2wv198gdxqw18ypw0000gn/T/"/>
    <property name="java.version" value="11.0.11"/>
    <property name="user.dir" value="/Users/fcontigliani/Trabajo/Universidad/UM/Ing. de Software Aplicada/2022/Test/TestNG"/>
    <property name="os.arch" value="x86_64"/>
    <property name="java.vm.specification.name" value="Java Virtual Machine Specification"/>
    <property name="java.awt.printerjob" value="sun.lwawt.macosx.CPrinterJob"/>
    <property name="sun.os.patch.level" value="unknown"/>
    <property name="java.library.path" value="/Users/fcontigliani/Library/Java/Extensions:/Library/Java/Extensions:/Network/Library/Java/Extensions:/System/Library/Java/Extensions:/usr/lib/java:."/>
    <property name="java.vendor" value="Oracle Corporation"/>
    <property name="java.vm.info" value="mixed mode"/>
    <property name="java.vm.version" value="11.0.11+9-LTS-194"/>
    <property name="sun.io.unicode.encoding" value="UnicodeBig"/>
    <property name="java.class.version" value="55.0"/>
    <property name="socksNonProxyHosts" value="local|*.local|169.254/16|*.169.254/16"/>
  </properties>
  <testcase name="sumarFlotantes" classname="SumaTest" time="0.002"/>
  <testcase name="sumarLetras" classname="SumaTest" time="0"/>
  <testcase name="sumarNegativos" classname="SumaTest" time="0.002"/>
  <testcase name="sumarNulos" classname="SumaTest" time="0"/>
  <testcase name="sumarPositivos" classname="SumaTest" time="0"/>
  <testcase name="testCase1" classname="PrimerTest" time="0"/>
  <testcase name="testCase2" classname="PrimerTest" time="0"/>
  <testcase name="Auto1" classname="SegundoTest" time="0"/>
  <testcase name="Scooter1" classname="SegundoTest" time="0"/>
  <testcase name="Scooter2" classname="SegundoTest" time="0"/>
  <testcase name="Sedan1" classname="SegundoTest" time="0"/>
</testsuite>