<?xml version="1.0" encoding="UTF-8"?>
<!-- Generated by org.testng.reporters.JUnitReportReporter -->
<testsuite hostname="MAC-Fabian.lan" failures="0" tests="5" name="SumaTest" time="0.003" errors="0" timestamp="26 ago. 2022 01:16:03 GMT" skipped="0">
  <testcase classname="SumaTest" name="sumarLetras" time="0.000"/>
  <testcase classname="SumaTest" name="sumarNegativos" time="0.001"/>
  <testcase classname="SumaTest" name="sumarFlotantes" time="0.001"/>
  <testcase classname="SumaTest" name="sumarNulos" time="0.000"/>
  <testcase classname="SumaTest" name="sumarPositivos" time="0.001"/>
</testsuite> <!-- SumaTest -->
