<?xml version="1.0" encoding="UTF-8"?>
<!-- Generated by org.testng.reporters.JUnitReportReporter -->
<testsuite hostname="MAC-Fabian.lan" failures="0" tests="2" name="PrimerTest" time="0.001" errors="0" timestamp="26 ago. 2022 01:16:03 GMT" skipped="0">
  <testcase classname="PrimerTest" name="testCase1" time="0.001"/>
  <testcase classname="PrimerTest" name="testCase2" time="0.000"/>
</testsuite> <!-- PrimerTest -->
