<?xml version="1.0" encoding="UTF-8"?>
<!-- Generated by org.testng.reporters.JUnitReportReporter -->
<testsuite skipped="0" hostname="Fabian-MBP" name="PrimerTest" tests="2" failures="0" timestamp="21 ago 2020 22:20:44 GMT" time="0.001" errors="0">
  <testcase name="testCase2" time="0.000" classname="PrimerTest"/>
  <testcase name="testCase1" time="0.001" classname="PrimerTest"/>
</testsuite> <!-- PrimerTest -->
