<?xml version="1.0" encoding="UTF-8"?>
<!-- Generated by org.testng.reporters.JUnitReportReporter -->
<testsuite hostname="MAC-Fabian.lan" failures="0" tests="4" name="SegundoTest" time="0.001" errors="0" timestamp="26 ago. 2022 01:16:03 GMT" skipped="0">
  <testcase classname="SegundoTest" name="Scooter2" time="0.000"/>
  <testcase classname="SegundoTest" name="Auto1" time="0.000"/>
  <testcase classname="SegundoTest" name="Scooter1" time="0.000"/>
  <testcase classname="SegundoTest" name="Sedan1" time="0.001"/>
</testsuite> <!-- SegundoTest -->
