<?xml version="1.0" encoding="UTF-8"?>
<!-- Generated by org.testng.reporters.JUnitReportReporter -->
<testsuite skipped="0" hostname="Fabian-MBP" name="SegundoTest" tests="4" failures="0" timestamp="21 ago 2020 22:20:44 GMT" time="0.000" errors="0">
  <testcase name="Auto1" time="0.000" classname="SegundoTest"/>
  <testcase name="Scooter1" time="0.000" classname="SegundoTest"/>
  <testcase name="Scooter2" time="0.000" classname="SegundoTest"/>
  <testcase name="Sedan1" time="0.000" classname="SegundoTest"/>
</testsuite> <!-- SegundoTest -->
