<?xml version="1.0" encoding="UTF-8"?>
<!-- Generated by org.testng.reporters.JUnitReportReporter -->
<testsuite skipped="0" hostname="Fabian-MBP" name="SumaTest" tests="5" failures="0" timestamp="21 ago 2020 22:20:44 GMT" time="0.004" errors="0">
  <testcase name="sumarFlotantes" time="0.001" classname="SumaTest"/>
  <testcase name="sumarPositivos" time="0.000" classname="SumaTest"/>
  <testcase name="sumarLetras" time="0.000" classname="SumaTest"/>
  <testcase name="sumarNegativos" time="0.002" classname="SumaTest"/>
  <testcase name="sumarNulos" time="0.001" classname="SumaTest"/>
</testsuite> <!-- SumaTest -->
